<?xml version="1.0" encoding="UTF-8"?>
<testsuite xmlns:xsi="http://www.w3.org/2001/XMLSchema-instance" xsi:noNamespaceSchemaLocation="https://maven.apache.org/surefire/maven-surefire-plugin/xsd/surefire-test-report.xsd" name="com.infy.OrderMS.OrderMsApplicationTests" time="0.076" tests="3" errors="3" skipped="0" failures="0">
  <properties>
[...]
</properties>
  <testcase name="initializationError" classname="com.infy.OrderMS.OrderMsApplicationTests" time="0.005">
    <error message="The class com.infy.OrderMS.OrderMsApplicationTests is not public." type="java.lang.Exception">java.lang.Exception: The class com.infy.OrderMS.OrderMsApplicationTests is not public.
</error>
  </testcase>
  <testcase name="initializationError" classname="com.infy.OrderMS.OrderMsApplicationTests" time="0">
    <error message="Test class should have exactly one public constructor" type="java.lang.Exception">java.lang.Exception: Test class should have exactly one public constructor
</error>
  </testcase>
  <testcase name="initializationError" classname="com.infy.OrderMS.OrderMsApplicationTests" time="0">
    <error message="Method contextLoads() should be public" type="java.lang.Exception">java.lang.Exception: Method contextLoads() should be public
</error>
  </testcase>
</testsuite>